==============================================================================
	GENERATED QUADS	
  0. :t000	=	2
  1. :a		=	t000
  2. :t001	=	3
  3. :b		=	t001
  4. :t002	=	105
  5. :c		=	t002
  6. :t003	=	107
  7. :d		=	t003
  8. :t004	=	0.100000
  9. :sum		=	t004
 10. :if  b >a	goto 13
 11. :goto 33
 12. :goto 53
 13. :if  c >d	goto 16
 14. :goto 24
 15. :goto 32
 16. :t006	=	sum + t005
 17. :sum		=	t006
 18. :t007	=	t006
 19. :t008	=	Int2Double(b)
 20. :t009	=	sum + t008
 21. :sum		=	t009
 22. :t010	=	t009
 23. :goto -1
 24. :t012	=	sum + t011
 25. :sum		=	t012
 26. :t013	=	t012
 27. :t014	=	Int2Double(b)
 28. :t015	=	sum + t014
 29. :sum		=	t015
 30. :t016	=	t015
 31. :goto -1
 32. :goto -1
 33. :if  c >d	goto 36
 34. :goto 44
 35. :goto 52
 36. :t018	=	sum + t017
 37. :sum		=	t018
 38. :t019	=	t018
 39. :t020	=	Int2Double(a)
 40. :t021	=	sum + t020
 41. :sum		=	t021
 42. :t022	=	t021
 43. :goto -1
 44. :t024	=	sum + t023
 45. :sum		=	t024
 46. :t025	=	t024
 47. :t026	=	Int2Double(a)
 48. :t027	=	sum + t026
 49. :sum		=	t027
 50. :t028	=	t027
 51. :goto -1
 52. :goto -1
==============================================================================Symbol table Maintained For the Given Program

+++++++++++++++++++++++++++++++++++++++++++++++++++++++++++++++++++++++++++++++++++++
Symbol Table : Global
Name	Type	Initial Value	Size	Offset	Nested Table
main	int	null		0	0	ptr-to-ST( main )

+++++++++++++++++++++++++++++++++++++++++++++++++++++++++++++++++++++++++++++++++++++

+++++++++++++++++++++++++++++++++++++++++++++++++++++++++++++++++++++++++++++++++++++
Symbol Table : main
Name	Type	Initial Value	Size	Offset	Nested Table
retVal	int	null		3	0	null
a	int	2		3	3	null
t000	int	2		4	6	null
b	int	3		3	10	null
t001	int	3		4	13	null
c	char	i		2	17	null
t002	char	i		1	19	null
d	char	k		2	20	null
t003	char	k		1	22	null
sum	double	0.100000		4	23	null
t004	double	0.100000		8	27	null
t005	double	null		8	35	null
t006	double	null		8	43	null
t007	double	null		8	51	null
t008	double	null		8	59	null
t009	double	null		8	67	null
t010	double	null		8	75	null
t011	double	null		8	83	null
t012	double	null		8	91	null
t013	double	null		8	99	null
t014	double	null		8	107	null
t015	double	null		8	115	null
t016	double	null		8	123	null
t017	double	null		8	131	null
t018	double	null		8	139	null
t019	double	null		8	147	null
t020	double	null		8	155	null
t021	double	null		8	163	null
t022	double	null		8	171	null
t023	double	null		8	179	null
t024	double	null		8	187	null
t025	double	null		8	195	null
t026	double	null		8	203	null
t027	double	null		8	211	null
t028	double	null		8	219	null

+++++++++++++++++++++++++++++++++++++++++++++++++++++++++++++++++++++++++++++++++++++
=============================================================================