==============================================================================
	GENERATED QUADS	
  0. :t000	=	2
  1. :x		=	t000
  2. :t001	=	5
  3. :y		=	t001
  4. :param	x
  5. :param	y
  6. :t002	=	call sum, 2
  7. :sm		=	t002
  8. :param	x
  9. :param	y
 10. :t003	=	call mod, 2
 11. :md		=	t003
 12. :param	x
 13. :param	y
 14. :t004	=	call mod_2, 2
 15. :md_2	=	t004
 16. :if  md ==md_2	goto 19
 17. :goto 23
 18. :goto 27
 19. :t005	=	0
 20. :y		=	t005
 21. :t006	=	t005
 22. :goto 27
 23. :t007	=	1
 24. :y		=	t007
 25. :t008	=	t007
 26. :goto 27
 27. :param	x
 28. :param	y
 29. :t009	=	call mod_2, 2
 30. :t010	=	a + b
 31. :ans		=	t010
 32. :return	ans
 33. :t011	=	a %% b
 34. :ans		=	t011
 35. :return	ans
 36. :t012	=	0
 37. :if  b !=t012	goto 40
 38. :goto 44
 39. :goto 49
 40. :t013	=	a / b
 41. :ans		=	t013
 42. :t014	=	t013
 43. :goto 49
 44. :t015	=	1
 45. :t016	=	-t015
 46. :ans		=	t016
 47. :t017	=	t016
 48. :goto 49
 49. :return	ans
 50. :if  a >b	goto 53
 51. :goto 60
 52. :goto 67
 53. :param	a
 54. :param	b
 55. :t018	=	call divide, 2
 56. :t019	=	a - t018
 57. :ans		=	t019
 58. :t020	=	t019
 59. :goto 67
 60. :param	a
 61. :param	b
 62. :t021	=	call divide, 2
 63. :t022	=	b - t021
 64. :ans		=	t022
 65. :t023	=	t022
 66. :goto 67
 67. :return	ans
==============================================================================Symbol table Maintained For the Given Program

+++++++++++++++++++++++++++++++++++++++++++++++++++++++++++++++++++++++++++++++++++++
Symbol Table : Global
Name	Type	Initial Value	Size	Offset	Nested Table
sum	int	null		0	0	ptr-to-ST( sum )
mod	int	null		0	0	ptr-to-ST( mod )
mod_2	int	null		0	0	ptr-to-ST( mod_2 )
divide	int	null		0	0	ptr-to-ST( divide )
main	int	null		0	0	ptr-to-ST( main )

+++++++++++++++++++++++++++++++++++++++++++++++++++++++++++++++++++++++++++++++++++++

+++++++++++++++++++++++++++++++++++++++++++++++++++++++++++++++++++++++++++++++++++++
Symbol Table : sum
Name	Type	Initial Value	Size	Offset	Nested Table
retVal	int	null		3	0	null
a	int	null		3	3	null
b	int	null		3	6	null
ans	int	0		3	9	null
t010	int	null		4	12	null

+++++++++++++++++++++++++++++++++++++++++++++++++++++++++++++++++++++++++++++++++++++

+++++++++++++++++++++++++++++++++++++++++++++++++++++++++++++++++++++++++++++++++++++
Symbol Table : mod
Name	Type	Initial Value	Size	Offset	Nested Table
retVal	int	null		3	0	null
a	int	null		3	3	null
b	int	null		3	6	null
ans	int	0		3	9	null
t011	int	null		4	12	null

+++++++++++++++++++++++++++++++++++++++++++++++++++++++++++++++++++++++++++++++++++++

+++++++++++++++++++++++++++++++++++++++++++++++++++++++++++++++++++++++++++++++++++++
Symbol Table : mod_2
Name	Type	Initial Value	Size	Offset	Nested Table
retVal	int	null		3	0	null
a	int	null		3	3	null
b	int	null		3	6	null
ans	int	null		3	9	null
t018	int	null		4	12	null
t019	int	null		4	16	null
t020	int	null		4	20	null
t021	int	null		4	24	null
t022	int	null		4	28	null
t023	int	null		4	32	null

+++++++++++++++++++++++++++++++++++++++++++++++++++++++++++++++++++++++++++++++++++++

+++++++++++++++++++++++++++++++++++++++++++++++++++++++++++++++++++++++++++++++++++++
Symbol Table : divide
Name	Type	Initial Value	Size	Offset	Nested Table
retVal	int	null		3	0	null
a	int	null		3	3	null
b	int	null		3	6	null
ans	int	null		3	9	null
t012	int	0		4	12	null
t013	int	null		4	16	null
t014	int	null		4	20	null
t015	int	1		4	24	null
t016	int	null		4	28	null
t017	int	null		4	32	null

+++++++++++++++++++++++++++++++++++++++++++++++++++++++++++++++++++++++++++++++++++++

+++++++++++++++++++++++++++++++++++++++++++++++++++++++++++++++++++++++++++++++++++++
Symbol Table : main
Name	Type	Initial Value	Size	Offset	Nested Table
retVal	int	null		3	0	null
x	int	2		3	3	null
t000	int	2		4	6	null
y	int	5		3	10	null
t001	int	5		4	13	null
sm	int	0		3	17	null
t002	int	null		4	20	null
md	int	0		3	24	null
t003	int	null		4	27	null
md_2	int	0		3	31	null
t004	int	null		4	34	null
t005	int	0		4	38	null
t006	int	null		4	42	null
t007	int	1		4	46	null
t008	int	null		4	50	null
t009	int	null		4	54	null

+++++++++++++++++++++++++++++++++++++++++++++++++++++++++++++++++++++++++++++++++++++
=============================================================================